things_driver/rapirodriverapp/build/outputs/logs/manifest-merger-debug-report.txt
-- Merging decision tree log ---
manifest
ADDED from src\main\AndroidManifest.xml:2:1-44:12
INJECTED from src\main\AndroidManifest.xml:2:1-44:12
INJECTED from src\main\AndroidManifest.xml:2:1-44:12
INJECTED from src\main\AndroidManifest.xml:2:1-44:12
MERGED from [com.android.support:appcompat-v7:28.0.0-rc01] AndroidManifest.xml:17:1-22:12
MERGED from [:iot-redge-driverlib:] AndroidManifest.xml:2:1-21:12
MERGED from [com.android.support:support-fragment:28.0.0-rc01] AndroidManifest.xml:17:1-22:12
MERGED from [com.android.support:animated-vector-drawable:28.0.0-rc01] AndroidManifest.xml:17:1-22:12
MERGED from [com.android.support:support-core-ui:28.0.0-rc01] AndroidManifest.xml:17:1-22:12
MERGED from [com.android.support:support-core-utils:28.0.0-rc01] AndroidManifest.xml:17:1-22:12
MERGED from [com.android.support:support-vector-drawable:28.0.0-rc01] AndroidManifest.xml:17:1-22:12
MERGED from [com.android.support:loader:28.0.0-rc01] AndroidManifest.xml:17:1-22:12
MERGED from [com.android.support:viewpager:28.0.0-rc01] AndroidManifest.xml:17:1-22:12
MERGED from [com.android.support:coordinatorlayout:28.0.0-rc01] AndroidManifest.xml:17:1-22:12
MERGED from [com.android.support:drawerlayout:28.0.0-rc01] AndroidManifest.xml:17:1-22:12
MERGED from [com.android.support:slidingpanelayout:28.0.0-rc01] AndroidManifest.xml:17:1-22:12
MERGED from [com.android.support:customview:28.0.0-rc01] AndroidManifest.xml:17:1-22:12
MERGED from [com.android.support:swiperefreshlayout:28.0.0-rc01] AndroidManifest.xml:17:1-22:12
MERGED from [com.android.support:asynclayoutinflater:28.0.0-rc01] AndroidManifest.xml:17:1-22:12
MERGED from [com.android.support:support-compat:28.0.0-rc01] AndroidManifest.xml:17:1-24:12
MERGED from [com.android.support:versionedparcelable:28.0.0-rc01] AndroidManifest.xml:17:1-25:12
MERGED from [com.android.support:cursoradapter:28.0.0-rc01] AndroidManifest.xml:17:1-22:12
MERGED from [android.arch.lifecycle:runtime:1.1.1] AndroidManifest.xml:17:1-22:12
MERGED from [com.android.support:documentfile:28.0.0-rc01] AndroidManifest.xml:17:1-22:12
MERGED from [com.android.support:localbroadcastmanager:28.0.0-rc01] AndroidManifest.xml:17:1-22:12
MERGED from [com.android.support:print:28.0.0-rc01] AndroidManifest.xml:17:1-22:12
MERGED from [android.arch.lifecycle:viewmodel:1.1.1] AndroidManifest.xml:17:1-22:12
MERGED from [android.arch.lifecycle:livedata-core:1.1.1] AndroidManifest.xml:17:1-22:12
MERGED from [android.arch.core:runtime:1.1.1] AndroidManifest.xml:17:1-22:12
MERGED from [com.android.support:interpolator:28.0.0-rc01] AndroidManifest.xml:17:1-22:12
INJECTED from src\main\AndroidManifest.xml:2:1-44:12
INJECTED from src\main\AndroidManifest.xml:2:1-44:12
INJECTED from src\main\AndroidManifest.xml:2:1-44:12
	package
		ADDED from src\main\AndroidManifest.xml:3:5-43
		INJECTED from src\main\AndroidManifest.xml
		INJECTED from src\main\AndroidManifest.xml
	android:versionName
		INJECTED from src\main\AndroidManifest.xml
		ADDED from src\main\AndroidManifest.xml:2:1-44:12
		INJECTED from src\main\AndroidManifest.xml
	android:versionCode
		INJECTED from src\main\AndroidManifest.xml
		ADDED from src\main\AndroidManifest.xml:2:1-44:12
		INJECTED from src\main\AndroidManifest.xml
	xmlns:android
		ADDED from src\main\AndroidManifest.xml:2:11-69
uses-permission#android.permission.WAKE_LOCK
ADDED from src\main\AndroidManifest.xml:6:5-68
	android:name
		ADDED from src\main\AndroidManifest.xml:6:22-65
application
ADDED from src\main\AndroidManifest.xml:8:5-41:19
MERGED from [:iot-redge-driverlib:] AndroidManifest.xml:11:5-19:19
MERGED from [:iot-redge-driverlib:] AndroidManifest.xml:11:5-19:19
MERGED from [com.android.support:support-compat:28.0.0-rc01] AndroidManifest.xml:22:5-94
MERGED from [com.android.support:support-compat:28.0.0-rc01] AndroidManifest.xml:22:5-94
MERGED from [com.android.support:versionedparcelable:28.0.0-rc01] AndroidManifest.xml:22:5-23:19
MERGED from [com.android.support:versionedparcelable:28.0.0-rc01] AndroidManifest.xml:22:5-23:19
	android:appComponentFactory
		ADDED from [com.android.support:support-compat:28.0.0-rc01] AndroidManifest.xml:22:18-91
	android:supportsRtl
		ADDED from src\main\AndroidManifest.xml:12:9-35
	android:label
		ADDED from src\main\AndroidManifest.xml:11:9-41
	android:icon
		ADDED from src\main\AndroidManifest.xml:10:9-43
	android:allowBackup
		ADDED from src\main\AndroidManifest.xml:9:9-35
	android:theme
		ADDED from src\main\AndroidManifest.xml:13:9-40
activity#jp.co.planis.rapirodriverapp.MainActivity
ADDED from src\main\AndroidManifest.xml:14:9-20:20
	android:name
		ADDED from src\main\AndroidManifest.xml:14:19-75
intent-filter#action:name:android.intent.action.MAIN+category:name:android.intent.category.LAUNCHER
ADDED from src\main\AndroidManifest.xml:15:13-19:29
action#android.intent.action.MAIN
ADDED from src\main\AndroidManifest.xml:16:17-69
	android:name
		ADDED from src\main\AndroidManifest.xml:16:25-66
category#android.intent.category.LAUNCHER
ADDED from src\main\AndroidManifest.xml:18:17-77
	android:name
		ADDED from src\main\AndroidManifest.xml:18:27-74
receiver#jp.co.planis.rapirodriverapp.receiver.RapiroCommandBroadcastReceiver
ADDED from src\main\AndroidManifest.xml:23:9-28:20
	android:exported
		ADDED from src\main\AndroidManifest.xml:24:97-121
	android:name
		ADDED from src\main\AndroidManifest.xml:24:13-96
intent-filter#action:name:proj.iot.exchange.redge.gatewaytodriver.intent.RECEIVE
ADDED from src\main\AndroidManifest.xml:25:13-27:29
action#proj.iot.exchange.redge.gatewaytodriver.intent.RECEIVE
ADDED from src\main\AndroidManifest.xml:26:17-97
	android:name
		ADDED from src\main\AndroidManifest.xml:26:25-94
service#jp.co.planis.rapirodriverapp.service.RapiroGatewayToDriverIntentService
ADDED from src\main\AndroidManifest.xml:30:9-106
	android:name
		ADDED from src\main\AndroidManifest.xml:30:18-104
receiver#jp.co.planis.rapirodriverapp.receiver.RapiroCollectInfoBroadcastReceiver
ADDED from src\main\AndroidManifest.xml:33:9-37:20
	android:name
		ADDED from src\main\AndroidManifest.xml:33:19-78
intent-filter#action:name:proj.iot.exchange.redge.gatewaytodriver.intent.COLLECT
ADDED from src\main\AndroidManifest.xml:34:13-36:29
action#proj.iot.exchange.redge.gatewaytodriver.intent.COLLECT
ADDED from src\main\AndroidManifest.xml:35:17-97
	android:name
		ADDED from src\main\AndroidManifest.xml:35:25-94
service#jp.co.planis.rapirodriverapp.service.RapiroDriverInfoIntentService
ADDED from src\main\AndroidManifest.xml:39:9-102
	android:name
		ADDED from src\main\AndroidManifest.xml:39:18-99
uses-permission#android.permission.BLUETOOTH
ADDED from src\main\AndroidManifest.xml:42:5-67
	android:name
		ADDED from src\main\AndroidManifest.xml:42:22-65
uses-sdk
INJECTED from src\main\AndroidManifest.xml reason: use-sdk injection requested
INJECTED from src\main\AndroidManifest.xml
INJECTED from src\main\AndroidManifest.xml
MERGED from [com.android.support:appcompat-v7:28.0.0-rc01] AndroidManifest.xml:20:5-44
MERGED from [com.android.support:appcompat-v7:28.0.0-rc01] AndroidManifest.xml:20:5-44
MERGED from [:iot-redge-driverlib:] AndroidManifest.xml:7:5-9:41
MERGED from [:iot-redge-driverlib:] AndroidManifest.xml:7:5-9:41
MERGED from [com.android.support:support-fragment:28.0.0-rc01] AndroidManifest.xml:20:5-44
MERGED from [com.android.support:support-fragment:28.0.0-rc01] AndroidManifest.xml:20:5-44
MERGED from [com.android.support:animated-vector-drawable:28.0.0-rc01] AndroidManifest.xml:20:5-44
MERGED from [com.android.support:animated-vector-drawable:28.0.0-rc01] AndroidManifest.xml:20:5-44
MERGED from [com.android.support:support-core-ui:28.0.0-rc01] AndroidManifest.xml:20:5-44
MERGED from [com.android.support:support-core-ui:28.0.0-rc01] AndroidManifest.xml:20:5-44
MERGED from [com.android.support:support-core-utils:28.0.0-rc01] AndroidManifest.xml:20:5-44
MERGED from [com.android.support:support-core-utils:28.0.0-rc01] AndroidManifest.xml:20:5-44
MERGED from [com.android.support:support-vector-drawable:28.0.0-rc01] AndroidManifest.xml:20:5-44
MERGED from [com.android.support:support-vector-drawable:28.0.0-rc01] AndroidManifest.xml:20:5-44
MERGED from [com.android.support:loader:28.0.0-rc01] AndroidManifest.xml:20:5-44
MERGED from [com.android.support:loader:28.0.0-rc01] AndroidManifest.xml:20:5-44
MERGED from [com.android.support:viewpager:28.0.0-rc01] AndroidManifest.xml:20:5-44
MERGED from [com.android.support:viewpager:28.0.0-rc01] AndroidManifest.xml:20:5-44
MERGED from [com.android.support:coordinatorlayout:28.0.0-rc01] AndroidManifest.xml:20:5-44
MERGED from [com.android.support:coordinatorlayout:28.0.0-rc01] AndroidManifest.xml:20:5-44
MERGED from [com.android.support:drawerlayout:28.0.0-rc01] AndroidManifest.xml:20:5-44
MERGED from [com.android.support:drawerlayout:28.0.0-rc01] AndroidManifest.xml:20:5-44
MERGED from [com.android.support:slidingpanelayout:28.0.0-rc01] AndroidManifest.xml:20:5-44
MERGED from [com.android.support:slidingpanelayout:28.0.0-rc01] AndroidManifest.xml:20:5-44
MERGED from [com.android.support:customview:28.0.0-rc01] AndroidManifest.xml:20:5-44
MERGED from [com.android.support:customview:28.0.0-rc01] AndroidManifest.xml:20:5-44
MERGED from [com.android.support:swiperefreshlayout:28.0.0-rc01] AndroidManifest.xml:20:5-44
MERGED from [com.android.support:swiperefreshlayout:28.0.0-rc01] AndroidManifest.xml:20:5-44
MERGED from [com.android.support:asynclayoutinflater:28.0.0-rc01] AndroidManifest.xml:20:5-44
MERGED from [com.android.support:asynclayoutinflater:28.0.0-rc01] AndroidManifest.xml:20:5-44
MERGED from [com.android.support:support-compat:28.0.0-rc01] AndroidManifest.xml:20:5-44
MERGED from [com.android.support:support-compat:28.0.0-rc01] AndroidManifest.xml:20:5-44
MERGED from [com.android.support:versionedparcelable:28.0.0-rc01] AndroidManifest.xml:20:5-44
MERGED from [com.android.support:versionedparcelable:28.0.0-rc01] AndroidManifest.xml:20:5-44
MERGED from [com.android.support:cursoradapter:28.0.0-rc01] AndroidManifest.xml:20:5-44
MERGED from [com.android.support:cursoradapter:28.0.0-rc01] AndroidManifest.xml:20:5-44
MERGED from [android.arch.lifecycle:runtime:1.1.1] AndroidManifest.xml:20:5-44
MERGED from [android.arch.lifecycle:runtime:1.1.1] AndroidManifest.xml:20:5-44
MERGED from [com.android.support:documentfile:28.0.0-rc01] AndroidManifest.xml:20:5-44
MERGED from [com.android.support:documentfile:28.0.0-rc01] AndroidManifest.xml:20:5-44
MERGED from [com.android.support:localbroadcastmanager:28.0.0-rc01] AndroidManifest.xml:20:5-44
MERGED from [com.android.support:localbroadcastmanager:28.0.0-rc01] AndroidManifest.xml:20:5-44
MERGED from [com.android.support:print:28.0.0-rc01] AndroidManifest.xml:20:5-44
MERGED from [com.android.support:print:28.0.0-rc01] AndroidManifest.xml:20:5-44
MERGED from [android.arch.lifecycle:viewmodel:1.1.1] AndroidManifest.xml:20:5-44
MERGED from [android.arch.lifecycle:viewmodel:1.1.1] AndroidManifest.xml:20:5-44
MERGED from [android.arch.lifecycle:livedata-core:1.1.1] AndroidManifest.xml:20:5-44
MERGED from [android.arch.lifecycle:livedata-core:1.1.1] AndroidManifest.xml:20:5-44
MERGED from [android.arch.core:runtime:1.1.1] AndroidManifest.xml:20:5-44
MERGED from [android.arch.core:runtime:1.1.1] AndroidManifest.xml:20:5-44
MERGED from [com.android.support:interpolator:28.0.0-rc01] AndroidManifest.xml:20:5-44
MERGED from [com.android.support:interpolator:28.0.0-rc01] AndroidManifest.xml:20:5-44
INJECTED from src\main\AndroidManifest.xml
INJECTED from src\main\AndroidManifest.xml
	android:targetSdkVersion
		INJECTED from src\main\AndroidManifest.xml
		ADDED from src\main\AndroidManifest.xml
		INJECTED from src\main\AndroidManifest.xml
	android:minSdkVersion
		INJECTED from src\main\AndroidManifest.xml
		ADDED from src\main\AndroidManifest.xml
		INJECTED from src\main\AndroidManifest.xml
service#proj.iot.exchange.redge.driverlib.service.REdgeToDriverIntentService
ADDED from [:iot-redge-driverlib:] AndroidManifest.xml:15:9-18:19
	android:exported
		ADDED from [:iot-redge-driverlib:] AndroidManifest.xml:17:13-36
	android:name
		ADDED from [:iot-redge-driverlib:] AndroidManifest.xml:16:13-96